origin/build_/intermediates/manifest_merge_blame_file/qaseemati_serviceDebug/manifest-merger-blame-qaseemati_service-debug-report.txt
1<?xml version="1.0" encoding="utf-8"?>
2<manifest xmlns:android="http://schemas.android.com/apk/res/android"
3    package="com.ids.qasemtiservice"
4    android:versionCode="32"
5    android:versionName="4.4" >
6
7    <uses-sdk
8        android:minSdkVersion="21"
8-->src\main\AndroidManifest.xml
9        android:targetSdkVersion="30" />
9-->src\main\AndroidManifest.xml
10
11    <uses-permission android:name="android.permission.ACCESS_NETWORK_STATE" />
11-->src\main\AndroidManifest.xml:6:5-79
11-->src\main\AndroidManifest.xml:6:22-76
12    <uses-permission android:name="android.permission.ACCESS_COARSE_LOCATION" />
12-->src\main\AndroidManifest.xml:7:5-80
12-->src\main\AndroidManifest.xml:7:22-78
13    <uses-permission android:name="android.permission.ACCESS_FINE_LOCATION" />
13-->src\main\AndroidManifest.xml:8:5-78
13-->src\main\AndroidManifest.xml:8:22-76
14    <uses-permission android:name="com.google.android.providers.gsf.permission.READ_GSERVICES" />
14-->src\main\AndroidManifest.xml:9:5-97
14-->src\main\AndroidManifest.xml:9:22-95
15    <uses-permission android:name="android.permission.INTERNET" />
15-->src\main\AndroidManifest.xml:10:5-67
15-->src\main\AndroidManifest.xml:10:22-64
16    <uses-permission android:name="android.permission.READ_EXTERNAL_STORAGE" />
16-->src\main\AndroidManifest.xml:11:5-80
16-->src\main\AndroidManifest.xml:11:22-77
17    <uses-permission android:name="android.permission.CAMERA" />
17-->src\main\AndroidManifest.xml:12:5-65
17-->src\main\AndroidManifest.xml:12:22-62
18    <uses-permission android:name="android.permission.WRITE_EXTERNAL_STORAGE" />
18-->src\main\AndroidManifest.xml:13:5-81
18-->src\main\AndroidManifest.xml:13:22-78
19    <uses-permission android:name="android.permission.FOREGROUND_SERVICE" />
19-->src\main\AndroidManifest.xml:14:5-77
19-->src\main\AndroidManifest.xml:14:22-74
20    <uses-permission android:name="android.permission.ACCESS_BACKGROUND_LOCATION" />
20-->src\main\AndroidManifest.xml:15:5-84
20-->src\main\AndroidManifest.xml:15:22-82
21
22    <queries>
22-->[com.github.dhaval2404:imagepicker:2.1] AndroidManifest.xml:9:5-19:15
23
24        <!-- Query Camera Packages -->
25        <intent>
25-->[com.github.dhaval2404:imagepicker:2.1] AndroidManifest.xml:12:9-14:18
26            <action android:name="android.media.action.IMAGE_CAPTURE" />
26-->[com.github.dhaval2404:imagepicker:2.1] AndroidManifest.xml:13:13-73
26-->[com.github.dhaval2404:imagepicker:2.1] AndroidManifest.xml:13:21-70
27        </intent>
28        <!-- Query Open Document -->
29        <intent>
29-->[com.github.dhaval2404:imagepicker:2.1] AndroidManifest.xml:16:9-18:18
30            <action android:name="android.intent.action.OPEN_DOCUMENT_TREE" />
30-->[com.github.dhaval2404:imagepicker:2.1] AndroidManifest.xml:17:13-79
30-->[com.github.dhaval2404:imagepicker:2.1] AndroidManifest.xml:17:21-76
31        </intent>
32        <!-- Needs to be explicitly declared on Android R+ -->
33        <package android:name="com.google.android.apps.maps" />
33-->[com.google.android.gms:play-services-maps:18.0.0] AndroidManifest.xml:33:9-64
33-->[com.google.android.gms:play-services-maps:18.0.0] AndroidManifest.xml:33:18-61
34    </queries>
35
36    <uses-permission android:name="android.permission.ACCESS_WIFI_STATE" />
36-->[:payment] AndroidManifest.xml:11:5-76
36-->[:payment] AndroidManifest.xml:11:22-73
37
38    <uses-feature
38-->[com.google.android.gms:play-services-maps:18.0.0] AndroidManifest.xml:26:5-28:35
39        android:glEsVersion="0x00020000"
39-->[com.google.android.gms:play-services-maps:18.0.0] AndroidManifest.xml:27:9-41
40        android:required="true" />
40-->[com.google.android.gms:play-services-maps:18.0.0] AndroidManifest.xml:28:9-32
41
42    <uses-permission android:name="android.permission.WAKE_LOCK" /> <!-- Required by older versions of Google Play services to create IID tokens -->
42-->[com.google.firebase:firebase-messaging:23.0.0] AndroidManifest.xml:23:5-68
42-->[com.google.firebase:firebase-messaging:23.0.0] AndroidManifest.xml:23:22-65
43    <uses-permission android:name="com.google.android.c2dm.permission.RECEIVE" />
43-->[com.google.firebase:firebase-messaging:23.0.0] AndroidManifest.xml:25:5-82
43-->[com.google.firebase:firebase-messaging:23.0.0] AndroidManifest.xml:25:22-79
44    <uses-permission android:name="com.google.android.finsky.permission.BIND_GET_INSTALL_REFERRER_SERVICE" />
44-->[com.google.android.gms:play-services-measurement:20.0.0] AndroidManifest.xml:26:5-110
44-->[com.google.android.gms:play-services-measurement:20.0.0] AndroidManifest.xml:26:22-107
45
46    <application
46-->src\main\AndroidManifest.xml:18:5-225:19
47        android:name="com.ids.qasemti.controller.MyApplication"
47-->src\main\AndroidManifest.xml:19:9-49
48        android:allowBackup="false"
48-->src\main\AndroidManifest.xml:20:9-36
49        android:appComponentFactory="androidx.core.app.CoreComponentFactory"
49-->[androidx.core:core:1.7.0] AndroidManifest.xml:24:18-86
50        android:debuggable="true"
51        android:hardwareAccelerated="true"
51-->src\main\AndroidManifest.xml:27:9-43
52        android:icon="@mipmap/ic_launcher"
52-->src\main\AndroidManifest.xml:21:9-43
53        android:label="@string/app_name"
53-->src\main\AndroidManifest.xml:22:9-41
54        android:largeHeap="true"
54-->src\main\AndroidManifest.xml:23:9-33
55        android:requestLegacyExternalStorage="true"
55-->src\main\AndroidManifest.xml:29:9-52
56        android:roundIcon="@mipmap/ic_launcher"
56-->src\main\AndroidManifest.xml:24:9-48
57        android:supportsRtl="true"
57-->src\main\AndroidManifest.xml:25:9-35
58        android:testOnly="true"
59        android:theme="@style/AppTheme"
59-->src\main\AndroidManifest.xml:28:9-40
60        android:usesCleartextTraffic="true" >
60-->src\main\AndroidManifest.xml:30:9-44
61
62        <!--
63            <service
64            android:name=".utils.LocationUpdatesService"
65            android:enabled="true"
66            android:exported="true"
67            android:foregroundServiceType="location" />
68        -->
69
70        <provider
71            android:name="androidx.core.content.FileProvider"
71-->src\main\AndroidManifest.xml:39:13-62
72            android:authorities="com.ids.qasemtiservice.provider"
72-->src\main\AndroidManifest.xml:40:13-60
73            android:exported="false"
73-->src\main\AndroidManifest.xml:41:13-37
74            android:grantUriPermissions="true" >
74-->src\main\AndroidManifest.xml:42:13-47
75            <meta-data
75-->src\main\AndroidManifest.xml:43:13-45:58
76                android:name="android.support.FILE_PROVIDER_PATHS"
76-->src\main\AndroidManifest.xml:44:17-67
77                android:resource="@xml/provider_paths" />
77-->src\main\AndroidManifest.xml:45:17-55
78        </provider>
79
80        <meta-data
80-->src\main\AndroidManifest.xml:47:9-49:69
81            android:name="com.google.android.gms.version"
81-->src\main\AndroidManifest.xml:48:13-58
82            android:value="@integer/google_play_services_version" />
82-->src\main\AndroidManifest.xml:49:13-66
83
84<!--              The API key for Google Maps-based APIs. -->
85
86
87        <!--
88                 <activity
89                 android:name=".controller.Activities.ActivityHome"
90                  android:screenOrientation="portrait"
91                 android:theme="@style/AppTheme.NoActionBar" >
92             </activity>
93        -->
94
95        <activity
95-->src\main\AndroidManifest.xml:63:9-65:52
96            android:name="com.ids.qasemti.controller.Activities.ActivityChooseLanguage"
96-->src\main\AndroidManifest.xml:64:13-73
97            android:screenOrientation="portrait" />
97-->src\main\AndroidManifest.xml:65:13-49
98        <activity
98-->src\main\AndroidManifest.xml:67:9-71:52
99            android:name="com.ids.qasemti.controller.Activities.ActivityAddNewAddress"
99-->src\main\AndroidManifest.xml:68:13-72
100            android:configChanges="orientation|keyboardHidden"
100-->src\main\AndroidManifest.xml:70:13-63
101            android:screenOrientation="portrait"
101-->src\main\AndroidManifest.xml:71:13-49
102            android:windowSoftInputMode="stateHidden|adjustResize" />
102-->src\main\AndroidManifest.xml:69:13-67
103        <activity
103-->src\main\AndroidManifest.xml:72:9-75:52
104            android:name="com.ids.qasemti.controller.Activities.ActivityMobileRegistration"
104-->src\main\AndroidManifest.xml:73:13-77
105            android:configChanges="orientation|keyboardHidden"
105-->src\main\AndroidManifest.xml:74:13-63
106            android:screenOrientation="portrait" />
106-->src\main\AndroidManifest.xml:75:13-49
107        <activity
107-->src\main\AndroidManifest.xml:77:9-81:52
108            android:name="com.ids.qasemti.controller.Activities.ActivityRegistration"
108-->src\main\AndroidManifest.xml:78:13-71
109            android:configChanges="orientation|keyboardHidden"
109-->src\main\AndroidManifest.xml:80:13-63
110            android:screenOrientation="portrait"
110-->src\main\AndroidManifest.xml:81:13-49
111            android:windowSoftInputMode="stateHidden|adjustResize" />
111-->src\main\AndroidManifest.xml:79:13-67
112        <activity
112-->src\main\AndroidManifest.xml:84:9-87:52
113            android:name="com.ids.qasemti.controller.Activities.ActivityAddresses"
113-->src\main\AndroidManifest.xml:85:13-68
114            android:configChanges="orientation|keyboardHidden"
114-->src\main\AndroidManifest.xml:86:13-63
115            android:screenOrientation="portrait" />
115-->src\main\AndroidManifest.xml:87:13-49
116        <activity
116-->src\main\AndroidManifest.xml:88:9-91:52
117            android:name="com.ids.qasemti.controller.Activities.ActivityTrackOrder"
117-->src\main\AndroidManifest.xml:89:13-69
118            android:configChanges="orientation|keyboardHidden"
118-->src\main\AndroidManifest.xml:90:13-63
119            android:screenOrientation="portrait" />
119-->src\main\AndroidManifest.xml:91:13-49
120        <activity
120-->src\main\AndroidManifest.xml:92:9-95:52
121            android:name="com.ids.qasemti.controller.Activities.ActivityContactUs"
121-->src\main\AndroidManifest.xml:93:13-68
122            android:configChanges="orientation|keyboardHidden"
122-->src\main\AndroidManifest.xml:94:13-63
123            android:screenOrientation="portrait" />
123-->src\main\AndroidManifest.xml:95:13-49
124        <!--
125            <activity
126            android:name="com.ids.qasemti.controller.Activities.Activ"
127            android:screenOrientation="portrait"
128            android:theme="@style/AppTheme.NoActionBar"/>
129        -->
130
131
132        <!--
133            <activity android:name=".controller.Activities.ActivityMap"
134            android:screenOrientation="portrait"/>
135        -->
136        <activity
136-->src\main\AndroidManifest.xml:104:9-106:51
137            android:name="com.ids.qasemti.controller.Activities.ActivityAccountStatus"
137-->src\main\AndroidManifest.xml:105:13-72
138            android:screenOrientation="portrait" />
138-->src\main\AndroidManifest.xml:106:13-49
139        <activity
139-->src\main\AndroidManifest.xml:107:9-110:52
140            android:name="com.ids.qasemti.controller.Activities.ActivityMap"
140-->src\main\AndroidManifest.xml:108:13-62
141            android:configChanges="orientation|keyboardHidden"
141-->src\main\AndroidManifest.xml:109:13-63
142            android:screenOrientation="portrait" />
142-->src\main\AndroidManifest.xml:110:13-49
143        <activity
143-->src\main\AndroidManifest.xml:112:9-114:52
144            android:name="com.ids.qasemti.controller.Activities.ActivityServices"
144-->src\main\AndroidManifest.xml:113:13-67
145            android:screenOrientation="portrait" />
145-->src\main\AndroidManifest.xml:114:13-49
146        <activity
146-->src\main\AndroidManifest.xml:116:9-120:52
147            android:name="com.ids.qasemti.controller.Activities.ActivityServiceInformation"
147-->src\main\AndroidManifest.xml:117:13-77
148            android:configChanges="orientation|keyboardHidden"
148-->src\main\AndroidManifest.xml:118:13-63
149            android:screenOrientation="portrait"
149-->src\main\AndroidManifest.xml:120:13-49
150            android:windowSoftInputMode="stateHidden" />
150-->src\main\AndroidManifest.xml:119:13-54
151        <activity
151-->src\main\AndroidManifest.xml:122:9-124:52
152            android:name="com.ids.qasemti.controller.Activities.ActivitySettlements"
152-->src\main\AndroidManifest.xml:123:13-70
153            android:screenOrientation="portrait" />
153-->src\main\AndroidManifest.xml:124:13-49
154
155        <service
155-->src\main\AndroidManifest.xml:126:9-128:43
156            android:name="com.ids.qasemti.utils.CurrentLocationService"
156-->src\main\AndroidManifest.xml:127:13-57
157            android:stopWithTask="true" />
157-->src\main\AndroidManifest.xml:128:13-40
158        <service
158-->src\main\AndroidManifest.xml:130:9-135:55
159            android:name="com.ids.qasemti.utils.LocationForeService"
159-->src\main\AndroidManifest.xml:131:13-54
160            android:enabled="true"
160-->src\main\AndroidManifest.xml:133:13-35
161            android:exported="false"
161-->src\main\AndroidManifest.xml:134:13-37
162            android:foregroundServiceType="location"
162-->src\main\AndroidManifest.xml:135:13-53
163            android:stopWithTask="false" />
163-->src\main\AndroidManifest.xml:132:13-41
164
165        <activity
165-->src\main\AndroidManifest.xml:137:9-139:52
166            android:name="com.ids.qasemti.controller.Activities.ActivityChat"
166-->src\main\AndroidManifest.xml:138:13-63
167            android:screenOrientation="portrait" />
167-->src\main\AndroidManifest.xml:139:13-49
168        <activity
168-->src\main\AndroidManifest.xml:140:9-142:52
169            android:name="com.ids.qasemti.controller.Activities.ActivityCurrentLocation"
169-->src\main\AndroidManifest.xml:141:13-74
170            android:screenOrientation="portrait" />
170-->src\main\AndroidManifest.xml:142:13-49
171        <activity
171-->src\main\AndroidManifest.xml:143:9-145:52
172            android:name="com.ids.qasemti.controller.Activities.ActivityWeb"
172-->src\main\AndroidManifest.xml:144:13-62
173            android:screenOrientation="portrait" />
173-->src\main\AndroidManifest.xml:145:13-49
174
175        <!--
176             <activity
177             android:name=".controller.Activities.ActivityRelatedOrders"
178             android:screenOrientation="portrait" />
179        -->
180        <activity
180-->src\main\AndroidManifest.xml:152:9-156:52
181            android:name="com.ids.qasemti.controller.Activities.ActivityMapAddress"
181-->src\main\AndroidManifest.xml:153:13-69
182            android:configChanges="orientation|keyboardHidden"
182-->src\main\AndroidManifest.xml:154:13-63
183            android:screenOrientation="portrait"
183-->src\main\AndroidManifest.xml:156:13-49
184            android:theme="@style/AppTheme.NoActionBar" />
184-->src\main\AndroidManifest.xml:155:13-56
185        <activity
185-->src\main\AndroidManifest.xml:157:9-161:58
186            android:name="com.ids.qasemti.controller.Activities.ActivitySelectAddress"
186-->src\main\AndroidManifest.xml:158:13-72
187            android:configChanges="orientation|keyboardHidden"
187-->src\main\AndroidManifest.xml:159:13-63
188            android:screenOrientation="portrait"
188-->src\main\AndroidManifest.xml:160:13-49
189            android:theme="@style/AppTheme.NoActionBar" />
189-->src\main\AndroidManifest.xml:161:13-56
190        <activity
190-->src\main\AndroidManifest.xml:163:9-165:52
191            android:name="com.ids.qasemti.controller.Activities.ActivityPlaceOrder"
191-->src\main\AndroidManifest.xml:164:13-69
192            android:screenOrientation="portrait" />
192-->src\main\AndroidManifest.xml:165:13-49
193        <activity
193-->src\main\AndroidManifest.xml:166:9-171:15
194            android:name="com.ids.qasemti.controller.Activities.ActivityCodeVerification"
194-->src\main\AndroidManifest.xml:167:13-75
195            android:screenOrientation="portrait"
195-->src\main\AndroidManifest.xml:168:13-49
196            android:windowSoftInputMode="stateVisible" />
196-->src\main\AndroidManifest.xml:169:13-55
197        <activity
197-->src\main\AndroidManifest.xml:172:9-176:58
198            android:name="com.ids.qasemti.controller.Activities.ActivityHome"
198-->src\main\AndroidManifest.xml:173:13-63
199            android:screenOrientation="portrait"
199-->src\main\AndroidManifest.xml:174:13-49
200            android:theme="@style/AppTheme.NoActionBar"
200-->src\main\AndroidManifest.xml:176:13-56
201            android:windowSoftInputMode="stateHidden|adjustResize" />
201-->src\main\AndroidManifest.xml:175:13-67
202        <activity
202-->src\main\AndroidManifest.xml:177:9-180:58
203            android:name="com.ids.qasemti.controller.Activities.ActivityMapLocation"
203-->src\main\AndroidManifest.xml:178:13-70
204            android:screenOrientation="portrait"
204-->src\main\AndroidManifest.xml:179:13-49
205            android:theme="@style/AppTheme.NoActionBar" />
205-->src\main\AndroidManifest.xml:180:13-56
206        <activity
206-->src\main\AndroidManifest.xml:181:9-185:58
207            android:name="com.ids.qasemti.controller.Activities.ActivityOrderDetails"
207-->src\main\AndroidManifest.xml:182:13-71
208            android:configChanges="orientation|keyboardHidden"
208-->src\main\AndroidManifest.xml:183:13-63
209            android:screenOrientation="portrait"
209-->src\main\AndroidManifest.xml:184:13-49
210            android:theme="@style/AppTheme.NoActionBar" />
210-->src\main\AndroidManifest.xml:185:13-56
211        <activity
211-->src\main\AndroidManifest.xml:187:9-190:58
212            android:name="com.ids.qasemti.controller.Activities.ActivityRelatedOrders"
212-->src\main\AndroidManifest.xml:188:13-72
213            android:screenOrientation="portrait"
213-->src\main\AndroidManifest.xml:189:13-49
214            android:theme="@style/AppTheme.NoActionBar" />
214-->src\main\AndroidManifest.xml:190:13-56
215        <activity
215-->src\main\AndroidManifest.xml:192:9-195:58
216            android:name="com.ids.qasemti.controller.Activities.ActivityCheckout"
216-->src\main\AndroidManifest.xml:193:13-67
217            android:screenOrientation="portrait"
217-->src\main\AndroidManifest.xml:194:13-49
218            android:theme="@style/AppTheme.NoActionBar" />
218-->src\main\AndroidManifest.xml:195:13-56
219        <activity
219-->src\main\AndroidManifest.xml:197:9-206:20
220            android:name="com.ids.qasemti.controller.Activities.ActivitySplash"
220-->src\main\AndroidManifest.xml:199:13-65
221            android:screenOrientation="portrait"
221-->src\main\AndroidManifest.xml:200:13-49
222            android:windowSoftInputMode="stateHidden|adjustResize" >
222-->src\main\AndroidManifest.xml:198:13-67
223            <intent-filter>
223-->src\main\AndroidManifest.xml:201:13-205:29
224                <action android:name="android.intent.action.MAIN" />
224-->src\main\AndroidManifest.xml:202:17-69
224-->src\main\AndroidManifest.xml:202:25-66
225
226                <category android:name="android.intent.category.LAUNCHER" />
226-->src\main\AndroidManifest.xml:204:17-77
226-->src\main\AndroidManifest.xml:204:27-74
227            </intent-filter>
228        </activity>
229
230        <meta-data
230-->src\main\AndroidManifest.xml:209:9-211:71
231            android:name="com.google.android.geo.API_KEY"
231-->src\main\AndroidManifest.xml:210:13-58
232            android:value="AIzaSyCKeZJUtvoCxtgf5Pjm3kQy_5yScjUst5U" />
232-->src\main\AndroidManifest.xml:211:13-68
233        <meta-data
233-->src\main\AndroidManifest.xml:47:9-49:69
234            android:name="com.google.android.gms.version"
234-->src\main\AndroidManifest.xml:48:13-58
235            android:value="@integer/google_play_services_version" />
235-->src\main\AndroidManifest.xml:49:13-66
236
237        <service android:name="com.ids.qasemti.Notifications.MyFirebaseMessagingService" >
237-->src\main\AndroidManifest.xml:219:9-223:19
237-->src\main\AndroidManifest.xml:219:18-74
238            <intent-filter>
238-->src\main\AndroidManifest.xml:220:13-222:29
239                <action android:name="com.google.firebase.MESSAGING_EVENT" />
239-->src\main\AndroidManifest.xml:221:17-78
239-->src\main\AndroidManifest.xml:221:25-75
240            </intent-filter>
241        </service>
242
243        <provider
243-->[com.google.firebase:firebase-perf:20.0.4] AndroidManifest.xml:14:9-18:39
244            android:name="com.google.firebase.perf.provider.FirebasePerfProvider"
244-->[com.google.firebase:firebase-perf:20.0.4] AndroidManifest.xml:15:13-82
245            android:authorities="com.ids.qasemtiservice.firebaseperfprovider"
245-->[com.google.firebase:firebase-perf:20.0.4] AndroidManifest.xml:16:13-72
246            android:exported="false"
246-->[com.google.firebase:firebase-perf:20.0.4] AndroidManifest.xml:17:13-37
247            android:initOrder="101" />
247-->[com.google.firebase:firebase-perf:20.0.4] AndroidManifest.xml:18:13-36
248
249        <service
249-->[com.google.firebase:firebase-perf:20.0.4] AndroidManifest.xml:20:9-26:19
250            android:name="com.google.firebase.components.ComponentDiscoveryService"
250-->[com.google.firebase:firebase-perf:20.0.4] AndroidManifest.xml:21:13-84
251            android:directBootAware="true"
251-->[com.google.firebase:firebase-common:20.0.0] AndroidManifest.xml:35:13-43
252            android:exported="false" >
252-->[com.google.firebase:firebase-perf:20.0.4] AndroidManifest.xml:22:13-37
253            <meta-data
253-->[com.google.firebase:firebase-perf:20.0.4] AndroidManifest.xml:23:13-25:85
254                android:name="com.google.firebase.components:com.google.firebase.perf.FirebasePerfRegistrar"
254-->[com.google.firebase:firebase-perf:20.0.4] AndroidManifest.xml:24:17-109
255                android:value="com.google.firebase.components.ComponentRegistrar" />
255-->[com.google.firebase:firebase-perf:20.0.4] AndroidManifest.xml:25:17-82
256            <meta-data
256-->[com.google.firebase:firebase-config-ktx:21.0.1] AndroidManifest.xml:15:13-17:85
257                android:name="com.google.firebase.components:com.google.firebase.remoteconfig.ktx.FirebaseRemoteConfigKtxRegistrar"
257-->[com.google.firebase:firebase-config-ktx:21.0.1] AndroidManifest.xml:16:17-132
258                android:value="com.google.firebase.components.ComponentRegistrar" />
258-->[com.google.firebase:firebase-config-ktx:21.0.1] AndroidManifest.xml:17:17-82
259            <meta-data
259-->[com.google.firebase:firebase-firestore-ktx:24.0.0] AndroidManifest.xml:15:13-17:85
260                android:name="com.google.firebase.components:com.google.firebase.firestore.ktx.FirebaseFirestoreKtxRegistrar"
260-->[com.google.firebase:firebase-firestore-ktx:24.0.0] AndroidManifest.xml:16:17-126
261                android:value="com.google.firebase.components.ComponentRegistrar" />
261-->[com.google.firebase:firebase-firestore-ktx:24.0.0] AndroidManifest.xml:17:17-82
262            <meta-data
262-->[com.google.firebase:firebase-auth-ktx:21.0.1] AndroidManifest.xml:11:13-13:85
263                android:name="com.google.firebase.components:com.google.firebase.auth.ktx.FirebaseAuthKtxRegistrar"
263-->[com.google.firebase:firebase-auth-ktx:21.0.1] AndroidManifest.xml:12:17-116
264                android:value="com.google.firebase.components.ComponentRegistrar" />
264-->[com.google.firebase:firebase-auth-ktx:21.0.1] AndroidManifest.xml:13:17-82
265            <meta-data
265-->[com.google.firebase:firebase-common-ktx:20.0.0] AndroidManifest.xml:15:13-17:85
266                android:name="com.google.firebase.components:com.google.firebase.ktx.FirebaseCommonKtxRegistrar"
266-->[com.google.firebase:firebase-common-ktx:20.0.0] AndroidManifest.xml:16:17-113
267                android:value="com.google.firebase.components.ComponentRegistrar" />
267-->[com.google.firebase:firebase-common-ktx:20.0.0] AndroidManifest.xml:17:17-82
268            <meta-data
268-->[com.google.firebase:firebase-firestore:24.0.0] AndroidManifest.xml:20:13-22:85
269                android:name="com.google.firebase.components:com.google.firebase.firestore.FirestoreRegistrar"
269-->[com.google.firebase:firebase-firestore:24.0.0] AndroidManifest.xml:21:17-111
270                android:value="com.google.firebase.components.ComponentRegistrar" />
270-->[com.google.firebase:firebase-firestore:24.0.0] AndroidManifest.xml:22:17-82
271            <meta-data
271-->[com.google.firebase:firebase-messaging:23.0.0] AndroidManifest.xml:52:13-54:85
272                android:name="com.google.firebase.components:com.google.firebase.messaging.FirebaseMessagingRegistrar"
272-->[com.google.firebase:firebase-messaging:23.0.0] AndroidManifest.xml:53:17-119
273                android:value="com.google.firebase.components.ComponentRegistrar" />
273-->[com.google.firebase:firebase-messaging:23.0.0] AndroidManifest.xml:54:17-82
274            <meta-data
274-->[com.google.firebase:firebase-crashlytics:18.2.5] AndroidManifest.xml:18:13-20:85
275                android:name="com.google.firebase.components:com.google.firebase.crashlytics.CrashlyticsRegistrar"
275-->[com.google.firebase:firebase-crashlytics:18.2.5] AndroidManifest.xml:19:17-115
276                android:value="com.google.firebase.components.ComponentRegistrar" />
276-->[com.google.firebase:firebase-crashlytics:18.2.5] AndroidManifest.xml:20:17-82
277            <meta-data
277-->[com.google.firebase:firebase-auth:21.0.1] AndroidManifest.xml:77:13-79:85
278                android:name="com.google.firebase.components:com.google.firebase.auth.FirebaseAuthRegistrar"
278-->[com.google.firebase:firebase-auth:21.0.1] AndroidManifest.xml:78:17-109
279                android:value="com.google.firebase.components.ComponentRegistrar" />
279-->[com.google.firebase:firebase-auth:21.0.1] AndroidManifest.xml:79:17-82
280            <meta-data
280-->[com.google.firebase:firebase-config:21.0.1] AndroidManifest.xml:32:13-34:85
281                android:name="com.google.firebase.components:com.google.firebase.remoteconfig.RemoteConfigRegistrar"
281-->[com.google.firebase:firebase-config:21.0.1] AndroidManifest.xml:33:17-117
282                android:value="com.google.firebase.components.ComponentRegistrar" />
282-->[com.google.firebase:firebase-config:21.0.1] AndroidManifest.xml:34:17-82
283            <meta-data
283-->[com.google.firebase:firebase-abt:21.0.0] AndroidManifest.xml:13:13-15:85
284                android:name="com.google.firebase.components:com.google.firebase.abt.component.AbtRegistrar"
284-->[com.google.firebase:firebase-abt:21.0.0] AndroidManifest.xml:14:17-109
285                android:value="com.google.firebase.components.ComponentRegistrar" />
285-->[com.google.firebase:firebase-abt:21.0.0] AndroidManifest.xml:15:17-82
286            <meta-data
286-->[com.google.android.gms:play-services-measurement-api:20.0.0] AndroidManifest.xml:30:13-32:85
287                android:name="com.google.firebase.components:com.google.firebase.analytics.connector.internal.AnalyticsConnectorRegistrar"
287-->[com.google.android.gms:play-services-measurement-api:20.0.0] AndroidManifest.xml:31:17-139
288                android:value="com.google.firebase.components.ComponentRegistrar" />
288-->[com.google.android.gms:play-services-measurement-api:20.0.0] AndroidManifest.xml:32:17-82
289            <meta-data
289-->[com.google.firebase:firebase-installations:17.0.0] AndroidManifest.xml:18:13-20:85
290                android:name="com.google.firebase.components:com.google.firebase.installations.FirebaseInstallationsRegistrar"
290-->[com.google.firebase:firebase-installations:17.0.0] AndroidManifest.xml:19:17-127
291                android:value="com.google.firebase.components.ComponentRegistrar" />
291-->[com.google.firebase:firebase-installations:17.0.0] AndroidManifest.xml:20:17-82
292            <meta-data
292-->[com.google.firebase:firebase-datatransport:18.1.1] AndroidManifest.xml:28:13-30:85
293                android:name="com.google.firebase.components:com.google.firebase.datatransport.TransportRegistrar"
293-->[com.google.firebase:firebase-datatransport:18.1.1] AndroidManifest.xml:29:17-115
294                android:value="com.google.firebase.components.ComponentRegistrar" />
294-->[com.google.firebase:firebase-datatransport:18.1.1] AndroidManifest.xml:30:17-82
295        </service>
296
297        <activity
297-->[com.github.dhaval2404:imagepicker:2.1] AndroidManifest.xml:22:9-25:68
298            android:name="com.github.dhaval2404.imagepicker.ImagePickerActivity"
298-->[com.github.dhaval2404:imagepicker:2.1] AndroidManifest.xml:23:13-81
299            android:screenOrientation="unspecified"
299-->[com.github.dhaval2404:imagepicker:2.1] AndroidManifest.xml:24:13-52
300            android:theme="@style/Theme.Transparent.ImagePicker" />
300-->[com.github.dhaval2404:imagepicker:2.1] AndroidManifest.xml:25:13-65
301        <activity
301-->[com.github.dhaval2404:imagepicker:2.1] AndroidManifest.xml:26:9-29:72
302            android:name="com.yalantis.ucrop.UCropActivity"
302-->[com.github.dhaval2404:imagepicker:2.1] AndroidManifest.xml:27:13-60
303            android:screenOrientation="portrait"
303-->[com.github.dhaval2404:imagepicker:2.1] AndroidManifest.xml:28:13-49
304            android:theme="@style/Theme.AppCompat.Light.NoActionBar" />
304-->[com.github.dhaval2404:imagepicker:2.1] AndroidManifest.xml:29:13-69
305
306        <provider
306-->[com.github.dhaval2404:imagepicker:2.1] AndroidManifest.xml:31:9-39:20
307            android:name="com.github.dhaval2404.imagepicker.ImagePickerFileProvider"
307-->[com.github.dhaval2404:imagepicker:2.1] AndroidManifest.xml:32:13-85